Determining if the pthread_create exist failed with the following output:
Change Dir: /home/dcn-space/myworkspace/my_cisdi_code/build/release-cpp11/CMakeFiles/CMakeTmp

Run Build Command:/usr/bin/make "cmTryCompileExec2430847182/fast"
/usr/bin/make -f CMakeFiles/cmTryCompileExec2430847182.dir/build.make CMakeFiles/cmTryCompileExec2430847182.dir/build
make[1]: Entering directory `/home/dcn-space/myworkspace/my_cisdi_code/build/release-cpp11/CMakeFiles/CMakeTmp'
/usr/bin/cmake -E cmake_progress_report /home/dcn-space/myworkspace/my_cisdi_code/build/release-cpp11/CMakeFiles/CMakeTmp/CMakeFiles 1
Building C object CMakeFiles/cmTryCompileExec2430847182.dir/CheckSymbolExists.c.o
/usr/bin/cc    -o CMakeFiles/cmTryCompileExec2430847182.dir/CheckSymbolExists.c.o   -c /home/dcn-space/myworkspace/my_cisdi_code/build/release-cpp11/CMakeFiles/CMakeTmp/CheckSymbolExists.c
Linking C executable cmTryCompileExec2430847182
/usr/bin/cmake -E cmake_link_script CMakeFiles/cmTryCompileExec2430847182.dir/link.txt --verbose=1
/usr/bin/cc       CMakeFiles/cmTryCompileExec2430847182.dir/CheckSymbolExists.c.o  -o cmTryCompileExec2430847182 -rdynamic 
CMakeFiles/cmTryCompileExec2430847182.dir/CheckSymbolExists.c.o: In function `main':
CheckSymbolExists.c:(.text+0x16): undefined reference to `pthread_create'
collect2: error: ld returned 1 exit status
make[1]: Leaving directory `/home/dcn-space/myworkspace/my_cisdi_code/build/release-cpp11/CMakeFiles/CMakeTmp'
make[1]: *** [cmTryCompileExec2430847182] Error 1
make: *** [cmTryCompileExec2430847182/fast] Error 2

File /home/dcn-space/myworkspace/my_cisdi_code/build/release-cpp11/CMakeFiles/CMakeTmp/CheckSymbolExists.c:
/* */
#include <pthread.h>

int main(int argc, char** argv)
{
  (void)argv;
#ifndef pthread_create
  return ((int*)(&pthread_create))[argc];
#else
  (void)argc;
  return 0;
#endif
}

Determining if the function pthread_create exists in the pthreads failed with the following output:
Change Dir: /home/dcn-space/myworkspace/my_cisdi_code/build/release-cpp11/CMakeFiles/CMakeTmp

Run Build Command:/usr/bin/make "cmTryCompileExec3194457828/fast"
/usr/bin/make -f CMakeFiles/cmTryCompileExec3194457828.dir/build.make CMakeFiles/cmTryCompileExec3194457828.dir/build
make[1]: Entering directory `/home/dcn-space/myworkspace/my_cisdi_code/build/release-cpp11/CMakeFiles/CMakeTmp'
/usr/bin/cmake -E cmake_progress_report /home/dcn-space/myworkspace/my_cisdi_code/build/release-cpp11/CMakeFiles/CMakeTmp/CMakeFiles 1
Building C object CMakeFiles/cmTryCompileExec3194457828.dir/CheckFunctionExists.c.o
/usr/bin/cc   -DCHECK_FUNCTION_EXISTS=pthread_create   -o CMakeFiles/cmTryCompileExec3194457828.dir/CheckFunctionExists.c.o   -c /usr/share/cmake-2.8/Modules/CheckFunctionExists.c
Linking C executable cmTryCompileExec3194457828
/usr/bin/cmake -E cmake_link_script CMakeFiles/cmTryCompileExec3194457828.dir/link.txt --verbose=1
/usr/bin/cc   -DCHECK_FUNCTION_EXISTS=pthread_create    CMakeFiles/cmTryCompileExec3194457828.dir/CheckFunctionExists.c.o  -o cmTryCompileExec3194457828 -rdynamic -lpthreads 
/usr/bin/ld: cannot find -lpthreads
collect2: error: ld returned 1 exit status
make[1]: Leaving directory `/home/dcn-space/myworkspace/my_cisdi_code/build/release-cpp11/CMakeFiles/CMakeTmp'
make[1]: *** [cmTryCompileExec3194457828] Error 1
make: *** [cmTryCompileExec3194457828/fast] Error 2


